<?xml version="1.0" encoding="UTF-8"?>
<!-- Generated by org.testng.reporters.JUnitXMLReporter -->
<testsuite ignored="0" hostname="DESKTOP-RQA8NQN" failures="0" tests="3" name="Default test" time="8.707" errors="0" timestamp="22 May 2023 17:51:00 GMT">
  <testcase classname="tests.CheckoutTC3" name="Login" time="3.982"/>
  <testcase classname="tests.CheckoutTC3" name="addToCart" time="3.296"/>
  <testcase classname="tests.CheckoutTC3" name="Checkout" time="1.178"/>
</testsuite> <!-- Default test -->
